<?xml version="1.0" encoding="UTF-8"?>
<testng-results ignored="0" total="2" passed="2" failed="0" skipped="0">
  <reporter-output>
  </reporter-output>
  <suite started-at="2023-11-25T14:24:04Z" name="Suite" finished-at="2023-11-25T14:24:29Z" duration-ms="24350">
    <groups>
    </groups>
    <test started-at="2023-11-25T14:24:04Z" name="Test" finished-at="2023-11-25T14:24:29Z" duration-ms="24350">
      <class name="testcases.LoginTest">
        <test-method is-config="true" signature="setUp()[pri:0, instance:testcases.LoginTest@2e377400]" started-at="2023-11-25T14:24:04Z" name="setUp" finished-at="2023-11-25T14:24:07Z" duration-ms="2472" status="PASS">
          <reporter-output>
          </reporter-output>
        </test-method> <!-- setUp -->
        <test-method signature="LoginFailiureTest()[pri:0, instance:testcases.LoginTest@2e377400]" started-at="2023-11-25T14:24:07Z" name="LoginFailiureTest" finished-at="2023-11-25T14:24:18Z" duration-ms="10829" status="PASS">
          <reporter-output>
          </reporter-output>
        </test-method> <!-- LoginFailiureTest -->
        <test-method is-config="true" signature="tearDown()[pri:0, instance:testcases.LoginTest@2e377400]" started-at="2023-11-25T14:24:18Z" name="tearDown" finished-at="2023-11-25T14:24:18Z" duration-ms="185" status="PASS">
          <reporter-output>
          </reporter-output>
        </test-method> <!-- tearDown -->
        <test-method is-config="true" signature="setUp()[pri:0, instance:testcases.LoginTest@2e377400]" started-at="2023-11-25T14:24:18Z" name="setUp" finished-at="2023-11-25T14:24:20Z" duration-ms="2035" status="PASS">
          <reporter-output>
          </reporter-output>
        </test-method> <!-- setUp -->
        <test-method signature="LoginSuccessTest()[pri:0, instance:testcases.LoginTest@2e377400]" started-at="2023-11-25T14:24:20Z" name="LoginSuccessTest" finished-at="2023-11-25T14:24:28Z" duration-ms="8564" status="PASS">
          <reporter-output>
          </reporter-output>
        </test-method> <!-- LoginSuccessTest -->
        <test-method is-config="true" signature="tearDown()[pri:0, instance:testcases.LoginTest@2e377400]" started-at="2023-11-25T14:24:28Z" name="tearDown" finished-at="2023-11-25T14:24:29Z" duration-ms="240" status="PASS">
          <reporter-output>
          </reporter-output>
        </test-method> <!-- tearDown -->
      </class> <!-- testcases.LoginTest -->
    </test> <!-- Test -->
  </suite> <!-- Suite -->
</testng-results>
