<?xml version="1.0" encoding="UTF-8"?>
<testng-results ignored="0" total="2" passed="2" failed="0" skipped="0">
  <reporter-output>
  </reporter-output>
  <suite started-at="2023-11-25T14:46:49Z" name="Suite" finished-at="2023-11-25T14:47:14Z" duration-ms="25501">
    <groups>
    </groups>
    <test started-at="2023-11-25T14:46:49Z" name="Test" finished-at="2023-11-25T14:47:14Z" duration-ms="25501">
      <class name="testcases.LoginTest">
        <test-method is-config="true" signature="setUp()[pri:0, instance:testcases.LoginTest@ba54932]" started-at="2023-11-25T14:46:49Z" name="setUp" finished-at="2023-11-25T14:46:52Z" duration-ms="2662" status="PASS">
          <reporter-output>
          </reporter-output>
        </test-method> <!-- setUp -->
        <test-method signature="LoginFailiureTest()[pri:0, instance:testcases.LoginTest@ba54932]" started-at="2023-11-25T14:46:52Z" name="LoginFailiureTest" finished-at="2023-11-25T14:47:01Z" duration-ms="9724" status="PASS">
          <reporter-output>
          </reporter-output>
        </test-method> <!-- LoginFailiureTest -->
        <test-method is-config="true" signature="tearDown()[pri:0, instance:testcases.LoginTest@ba54932]" started-at="2023-11-25T14:47:01Z" name="tearDown" finished-at="2023-11-25T14:47:01Z" duration-ms="111" status="PASS">
          <reporter-output>
          </reporter-output>
        </test-method> <!-- tearDown -->
        <test-method is-config="true" signature="setUp()[pri:0, instance:testcases.LoginTest@ba54932]" started-at="2023-11-25T14:47:01Z" name="setUp" finished-at="2023-11-25T14:47:04Z" duration-ms="2436" status="PASS">
          <reporter-output>
          </reporter-output>
        </test-method> <!-- setUp -->
        <test-method signature="LoginSuccessTest()[pri:0, instance:testcases.LoginTest@ba54932]" started-at="2023-11-25T14:47:04Z" name="LoginSuccessTest" finished-at="2023-11-25T14:47:14Z" duration-ms="10442" status="PASS">
          <reporter-output>
          </reporter-output>
        </test-method> <!-- LoginSuccessTest -->
        <test-method is-config="true" signature="tearDown()[pri:0, instance:testcases.LoginTest@ba54932]" started-at="2023-11-25T14:47:14Z" name="tearDown" finished-at="2023-11-25T14:47:14Z" duration-ms="112" status="PASS">
          <reporter-output>
          </reporter-output>
        </test-method> <!-- tearDown -->
      </class> <!-- testcases.LoginTest -->
    </test> <!-- Test -->
  </suite> <!-- Suite -->
</testng-results>
